------- FILE Ball_1.dasm LEVEL 1 PASS 1
      1  0000 ????						;  A simple Ball Demo
      2  0000 ????
      3  0000 ????				      Processor	6502
------- FILE vcs.h LEVEL 2 PASS 1
      0  0000 ????				      include	"vcs.h"
      1  0000 ????						; VCS.H
      2  0000 ????						; Version 1.05, 13/November/2003
      3  0000 ????
      4  0000 ????	       00 69	   VERSION_VCS =	105
      5  0000 ????
      6  0000 ????						; THIS IS A PRELIMINARY RELEASE OF *THE* "STANDARD" VCS.H
      7  0000 ????						; THIS FILE IS EXPLICITLY SUPPORTED AS A DASM-PREFERRED COMPANION FILE
      8  0000 ????						; PLEASE DO *NOT* REDISTRIBUTE THIS FILE!
      9  0000 ????						;
     10  0000 ????						; This file defines hardware registers and memory mapping for the
     11  0000 ????						; Atari 2600. It is distributed as a companion machine-specific support package
     12  0000 ????						; for the DASM compiler. Updates to this file, DASM, and associated tools are
     13  0000 ????						; available at at http://www.atari2600.org/dasm
     14  0000 ????						;
     15  0000 ????						; Many thanks to the original author(s) of this file, and to everyone who has
     16  0000 ????						; contributed to understanding the Atari 2600.  If you take issue with the
     17  0000 ????						; contents, or naming of registers, please write to me (atari2600@taswegian.com)
     18  0000 ????						; with your views.  Please contribute, if you think you can improve this
     19  0000 ????						; file!
     20  0000 ????						;
     21  0000 ????						; Latest Revisions...
     22  0000 ????						; 1.05  13/NOV/2003	  - Correction to 1.04 - now functions as requested by MR.
     23  0000 ????						;			  - Added VERSION_VCS equate (which will reflect 100x version #)
     24  0000 ????						;			    This will allow conditional code to verify VCS.H being
     25  0000 ????						;			    used for code assembly.
     26  0000 ????						; 1.04  12/NOV/2003	 Added TIA_BASE_WRITE_ADDRESS and TIA_BASE_READ_ADDRESS for
     27  0000 ????						;			 convenient disassembly/reassembly compatibility for hardware
     28  0000 ????						;			 mirrored reading/writing differences.	This is more a 
     29  0000 ????						;			 readability issue, and binary compatibility with disassembled
     30  0000 ????						;			 and reassembled sources.  Per Manuel Rotschkar's suggestion.
     31  0000 ????						; 1.03  12/MAY/2003	 Added SEG segment at end of file to fix old-code compatibility
     32  0000 ????						;			 which was broken by the use of segments in this file, as
     33  0000 ????						;			 reported by Manuel Polik on [stella] 11/MAY/2003
     34  0000 ????						; 1.02  22/MAR/2003	 Added TIMINT($285)
     35  0000 ????						; 1.01				Constant offset added to allow use for 3F-style bankswitching
     36  0000 ????						;						 - define TIA_BASE_ADDRESS as $40 for Tigervision carts, otherwise
     37  0000 ????						;						   it is safe to leave it undefined, and the base address will
     38  0000 ????						;						   be set to 0.  Thanks to Eckhard Stolberg for the suggestion.
     39  0000 ????						;			    Note, may use -DLABEL=EXPRESSION to define TIA_BASE_ADDRESS
     40  0000 ????						;			  - register definitions are now generated through assignment
     41  0000 ????						;			    in uninitialised segments.	This allows a changeable base
     42  0000 ????						;			    address architecture.
     43  0000 ????						; 1.0	22/MAR/2003		Initial release
     44  0000 ????
     45  0000 ????
     46  0000 ????						;-------------------------------------------------------------------------------
     47  0000 ????
     48  0000 ????						; TIA_BASE_ADDRESS
     49  0000 ????						; The TIA_BASE_ADDRESS defines the base address of access to TIA registers.
     50  0000 ????						; Normally 0, the base address should (externally, before including this file)
     51  0000 ????						; be set to $40 when creating 3F-bankswitched (and other?) cartridges.
     52  0000 ????						; The reason is that this bankswitching scheme treats any access to locations
     53  0000 ????						; < $40 as a bankswitch.
     54  0000 ????
     55  0000 ????				      IFNCONST	TIA_BASE_ADDRESS
     56  0000 ????	       00 00	   TIA_BASE_ADDRESS =	0
     57  0000 ????				      ENDIF
     58  0000 ????
     59  0000 ????						; Note: The address may be defined on the command-line using the -D switch, eg:
     60  0000 ????						; dasm.exe code.asm -DTIA_BASE_ADDRESS=$40 -f3 -v5 -ocode.bin
     61  0000 ????						; *OR* by declaring the label before including this file, eg:
     62  0000 ????						; TIA_BASE_ADDRESS = $40
     63  0000 ????						;   include "vcs.h"
     64  0000 ????
     65  0000 ????						; Alternate read/write address capability - allows for some disassembly compatibility
     66  0000 ????						; usage ; to allow reassembly to binary perfect copies).  This is essentially catering
     67  0000 ????						; for the mirrored ROM hardware registers.
     68  0000 ????
     69  0000 ????						; Usage: As per above, define the TIA_BASE_READ_ADDRESS and/or TIA_BASE_WRITE_ADDRESS
     70  0000 ????						; using the -D command-line switch, as required.  If the addresses are not defined, 
     71  0000 ????						; they defaut to the TIA_BASE_ADDRESS.
     72  0000 ????
     73  0000 ????				      IFNCONST	TIA_BASE_READ_ADDRESS
     74  0000 ????	       00 00	   TIA_BASE_READ_ADDRESS =	TIA_BASE_ADDRESS
     75  0000 ????				      ENDIF
     76  0000 ????
     77  0000 ????				      IFNCONST	TIA_BASE_WRITE_ADDRESS
     78  0000 ????	       00 00	   TIA_BASE_WRITE_ADDRESS =	TIA_BASE_ADDRESS
     79  0000 ????				      ENDIF
     80  0000 ????
     81  0000 ????						;-------------------------------------------------------------------------------
     82  0000 ????
     83 U0000 ????				      SEG.U	TIA_REGISTERS_WRITE
     84 U0000					      ORG	TIA_BASE_WRITE_ADDRESS
     85 U0000
     86 U0000							; DO NOT CHANGE THE RELATIVE ORDERING OF REGISTERS!
     87 U0000
     88 U0000		       00	   VSYNC      ds	1	; $00	 0000 00x0   Vertical Sync Set-Clear
     89 U0001		       00	   VBLANK     ds	1	; $01	 xx00 00x0   Vertical Blank Set-Clear
     90 U0002		       00	   WSYNC      ds	1	; $02	 ---- ----   Wait for Horizontal Blank
     91 U0003		       00	   RSYNC      ds	1	; $03	 ---- ----   Reset Horizontal Sync Counter
     92 U0004		       00	   NUSIZ0     ds	1	; $04	 00xx 0xxx   Number-Size player/missle 0
     93 U0005		       00	   NUSIZ1     ds	1	; $05	 00xx 0xxx   Number-Size player/missle 1
     94 U0006		       00	   COLUP0     ds	1	; $06	 xxxx xxx0   Color-Luminance Player 0
     95 U0007		       00	   COLUP1     ds	1	; $07	 xxxx xxx0   Color-Luminance Player 1
     96 U0008		       00	   COLUPF     ds	1	; $08	 xxxx xxx0   Color-Luminance Playfield
     97 U0009		       00	   COLUBK     ds	1	; $09	 xxxx xxx0   Color-Luminance Background
     98 U000a		       00	   CTRLPF     ds	1	; $0A	 00xx 0xxx   Control Playfield, Ball, Collisions
     99 U000b		       00	   REFP0      ds	1	; $0B	 0000 x000   Reflection Player 0
    100 U000c		       00	   REFP1      ds	1	; $0C	 0000 x000   Reflection Player 1
    101 U000d		       00	   PF0	      ds	1	; $0D	 xxxx 0000   Playfield Register Byte 0
    102 U000e		       00	   PF1	      ds	1	; $0E	 xxxx xxxx   Playfield Register Byte 1
    103 U000f		       00	   PF2	      ds	1	; $0F	 xxxx xxxx   Playfield Register Byte 2
    104 U0010		       00	   RESP0      ds	1	; $10	 ---- ----   Reset Player 0
    105 U0011		       00	   RESP1      ds	1	; $11	 ---- ----   Reset Player 1
    106 U0012		       00	   RESM0      ds	1	; $12	 ---- ----   Reset Missle 0
    107 U0013		       00	   RESM1      ds	1	; $13	 ---- ----   Reset Missle 1
    108 U0014		       00	   RESBL      ds	1	; $14	 ---- ----   Reset Ball
    109 U0015		       00	   AUDC0      ds	1	; $15	 0000 xxxx   Audio Control 0
    110 U0016		       00	   AUDC1      ds	1	; $16	 0000 xxxx   Audio Control 1
    111 U0017		       00	   AUDF0      ds	1	; $17	 000x xxxx   Audio Frequency 0
    112 U0018		       00	   AUDF1      ds	1	; $18	 000x xxxx   Audio Frequency 1
    113 U0019		       00	   AUDV0      ds	1	; $19	 0000 xxxx   Audio Volume 0
    114 U001a		       00	   AUDV1      ds	1	; $1A	 0000 xxxx   Audio Volume 1
    115 U001b		       00	   GRP0       ds	1	; $1B	 xxxx xxxx   Graphics Register Player 0
    116 U001c		       00	   GRP1       ds	1	; $1C	 xxxx xxxx   Graphics Register Player 1
    117 U001d		       00	   ENAM0      ds	1	; $1D	 0000 00x0   Graphics Enable Missle 0
    118 U001e		       00	   ENAM1      ds	1	; $1E	 0000 00x0   Graphics Enable Missle 1
    119 U001f		       00	   ENABL      ds	1	; $1F	 0000 00x0   Graphics Enable Ball
    120 U0020		       00	   HMP0       ds	1	; $20	 xxxx 0000   Horizontal Motion Player 0
    121 U0021		       00	   HMP1       ds	1	; $21	 xxxx 0000   Horizontal Motion Player 1
    122 U0022		       00	   HMM0       ds	1	; $22	 xxxx 0000   Horizontal Motion Missle 0
    123 U0023		       00	   HMM1       ds	1	; $23	 xxxx 0000   Horizontal Motion Missle 1
    124 U0024		       00	   HMBL       ds	1	; $24	 xxxx 0000   Horizontal Motion Ball
    125 U0025		       00	   VDELP0     ds	1	; $25	 0000 000x   Vertical Delay Player 0
    126 U0026		       00	   VDELP1     ds	1	; $26	 0000 000x   Vertical Delay Player 1
    127 U0027		       00	   VDELBL     ds	1	; $27	 0000 000x   Vertical Delay Ball
    128 U0028		       00	   RESMP0     ds	1	; $28	 0000 00x0   Reset Missle 0 to Player 0
    129 U0029		       00	   RESMP1     ds	1	; $29	 0000 00x0   Reset Missle 1 to Player 1
    130 U002a		       00	   HMOVE      ds	1	; $2A	 ---- ----   Apply Horizontal Motion
    131 U002b		       00	   HMCLR      ds	1	; $2B	 ---- ----   Clear Horizontal Move Registers
    132 U002c		       00	   CXCLR      ds	1	; $2C	 ---- ----   Clear Collision Latches
    133 U002d
    134 U002d							;-------------------------------------------------------------------------------
    135 U002d
    136 U0000 ????				      SEG.U	TIA_REGISTERS_READ
    137 U0000					      ORG	TIA_BASE_READ_ADDRESS
    138 U0000
    139 U0000							;											bit 7	 bit 6
    140 U0000		       00	   CXM0P      ds	1	; $00	     xx00 0000	     Read Collision  M0-P1   M0-P0
    141 U0001		       00	   CXM1P      ds	1	; $01	     xx00 0000			     M1-P0   M1-P1
    142 U0002		       00	   CXP0FB     ds	1	; $02	     xx00 0000			     P0-PF   P0-BL
    143 U0003		       00	   CXP1FB     ds	1	; $03	     xx00 0000			     P1-PF   P1-BL
    144 U0004		       00	   CXM0FB     ds	1	; $04	     xx00 0000			     M0-PF   M0-BL
    145 U0005		       00	   CXM1FB     ds	1	; $05	     xx00 0000			     M1-PF   M1-BL
    146 U0006		       00	   CXBLPF     ds	1	; $06	     x000 0000			     BL-PF   -----
    147 U0007		       00	   CXPPMM     ds	1	; $07	     xx00 0000			     P0-P1   M0-M1
    148 U0008		       00	   INPT0      ds	1	; $08	     x000 0000	     Read Pot Port 0
    149 U0009		       00	   INPT1      ds	1	; $09	     x000 0000	     Read Pot Port 1
    150 U000a		       00	   INPT2      ds	1	; $0A	     x000 0000	     Read Pot Port 2
    151 U000b		       00	   INPT3      ds	1	; $0B	     x000 0000	     Read Pot Port 3
    152 U000c		       00	   INPT4      ds	1	; $0C		x000 0000	 Read Input (Trigger) 0
    153 U000d		       00	   INPT5      ds	1	; $0D		x000 0000	 Read Input (Trigger) 1
    154 U000e
    155 U000e							;-------------------------------------------------------------------------------
    156 U000e
    157 U0000 ????				      SEG.U	RIOT
    158 U0280					      ORG	$280
    159 U0280
    160 U0280							; RIOT MEMORY MAP
    161 U0280
    162 U0280		       00	   SWCHA      ds	1	; $280      Port A data register for joysticks:
    163 U0281							;			Bits 4-7 for player 1.  Bits 0-3 for player 2.
    164 U0281
    165 U0281		       00	   SWACNT     ds	1	; $281      Port A data direction register (DDR)
    166 U0282		       00	   SWCHB      ds	1	; $282		Port B data (console switches)
    167 U0283		       00	   SWBCNT     ds	1	; $283      Port B DDR
    168 U0284		       00	   INTIM      ds	1	; $284		Timer output
    169 U0285
    170 U0285		       00	   TIMINT     ds	1	; $285
    171 U0286
    172 U0286							; Unused/undefined registers ($285-$294)
    173 U0286
    174 U0286		       00		      ds	1	; $286
    175 U0287		       00		      ds	1	; $287
    176 U0288		       00		      ds	1	; $288
    177 U0289		       00		      ds	1	; $289
    178 U028a		       00		      ds	1	; $28A
    179 U028b		       00		      ds	1	; $28B
    180 U028c		       00		      ds	1	; $28C
    181 U028d		       00		      ds	1	; $28D
    182 U028e		       00		      ds	1	; $28E
    183 U028f		       00		      ds	1	; $28F
    184 U0290		       00		      ds	1	; $290
    185 U0291		       00		      ds	1	; $291
    186 U0292		       00		      ds	1	; $292
    187 U0293		       00		      ds	1	; $293
    188 U0294
    189 U0294		       00	   TIM1T      ds	1	; $294		set 1 clock interval
    190 U0295		       00	   TIM8T      ds	1	; $295      set 8 clock interval
    191 U0296		       00	   TIM64T     ds	1	; $296      set 64 clock interval
    192 U0297		       00	   T1024T     ds	1	; $297      set 1024 clock interval
    193 U0298
    194 U0298							;-------------------------------------------------------------------------------
    195 U0298							; The following required for back-compatibility with code which does not use
    196 U0298							; segments.
    197 U0298
    198  0000 ????				      SEG
    199  0000 ????
    200  0000 ????						; EOF
------- FILE Ball_1.dasm
      5  0000 ????						;    include "macro.h"
      6  0000 ????
      7  f000					      org	$f000
      8  f000
      9  f000				   START
     10  f000		       78		      sei		; Disable the interupts
     11  f001		       d8		      cld		; Clear Decimal Mode
     12  f002		       a2 ff		      ldx	#$ff	; Letting X = #$ff(255)
     13  f004		       9a		      txs		; S = #$ff
     14  f005		       a9 00		      lda	#$00	; A = $00
     15  f007
     16  f007				   CLEAR
     17  f007		       95 00		      sta	0,x
     18  f009		       ca		      dex
     19  f00a		       d0 fb		      bne	CLEAR
     20  f00c
     21  f00c				   SHOW_FRAME
     22  f00c		       a9 34		      lda	#$34	; Blue - see Atari NTSC colours
     23  f00e		       85 09		      sta	COLUBK	; Background colour
     24  f010		       a9 0f		      lda	#$0f	; = White 0f (15)
     25  f012		       85 08		      sta	COLUPF	; Playfield Colour
     26  f014
     27  f014		       85 02		      sta	WSYNC
     28  f016		       a9 02		      lda	#2	; Start of the vertical retrace
     29  f018		       85 00		      sta	VSYNC
     30  f01a		       85 02		      sta	WSYNC
     31  f01c		       85 02		      sta	WSYNC
     32  f01e		       85 02		      sta	WSYNC
     33  f020		       a9 00		      lda	#0	; End of the Vertical retrace
     34  f022		       85 00		      sta	VSYNC
     35  f024
     36  f024							; Ball Horizontal position (23 Nops for center)
     37  f024		       85 02		      sta	WSYNC	; cycle 3 - it will then increase by 2 for every Nop
     38  f026		       ea		      nop		; 5
     39  f027		       ea		      nop		; 7
     40  f028		       ea		      nop		; 9
     41  f029		       ea		      nop
     42  f02a		       ea		      nop
     43  f02b		       ea		      nop		; 15
     44  f02c		       ea		      nop		; 17
     45  f02d		       ea		      nop
     46  f02e		       ea		      nop
     47  f02f		       ea		      nop
     48  f030		       ea		      nop		; 25
     49  f031		       ea		      nop
     50  f032		       ea		      nop
     51  f033		       ea		      nop
     52  f034		       ea		      nop
     53  f035		       ea		      nop		; 35
     54  f036		       ea		      nop
     55  f037		       ea		      nop
     56  f038		       ea		      nop
     57  f039		       ea		      nop		; 45
     58  f03a		       ea		      nop		; 47
     59  f03b		       ea		      nop		; 49
     60  f03c		       85 14		      sta	RESBL	; 52
     61  f03e
     62  f03e		       a2 23		      ldx	#35	; Remaining 35 scanlines of Top Border
     63  f040				   TOP
     64  f040		       85 02		      sta	WSYNC
     65  f042		       ca		      dex
     66  f043		       d0 fb		      bne	TOP
     67  f045		       a9 00		      lda	#0	; Disable Blanking
     68  f047		       85 01		      sta	VBLANK
     69  f049
     70  f049		       a2 5f		      ldx	#95	; 95 Scanlines in Blue
     71  f04b
     72  f04b				   VISIBLE
     73  f04b		       85 02		      sta	WSYNC
     74  f04d		       ca		      dex
     75  f04e		       d0 fb		      BNE	VISIBLE
     76  f050		       85 02		      sta	WSYNC
     77  f052		       a9 02		      lda	#$02	; One Scan line
     78  f054		       85 1f		      sta	ENABL
     79  f056
     80  f056		       85 02		      sta	WSYNC	; One Scan Line
     81  f058		       a9 00		      lda	#$00
     82  f05a		       85 1f		      sta	ENABL
     83  f05c
     84  f05c		       a9 4a		      lda	#$4a	; Sand Colour
     85  f05e		       85 09		      sta	COLUBK
     86  f060
     87  f060		       a2 5f		      ldx	#95	; 95 scanlines
     88  f062				   VISIBLE2
     89  f062		       85 02		      sta	WSYNC
     90  f064		       ca		      dex
     91  f065		       d0 fb		      bne	VISIBLE2
     92  f067
     93  f067		       a9 02		      lda	#2	; Enable Blanking
     94  f069		       85 01		      sta	VBLANK
     95  f06b		       a2 1e		      ldx	#30	; 30 Scanlines
     96  f06d
     97  f06d				   BOTTOM
     98  f06d		       85 02		      sta	WSYNC
     99  f06f		       ca		      dex
    100  f070		       d0 fb		      bne	BOTTOM
    101  f072
    102  f072		       4c 0c f0 	      jmp	SHOW_FRAME
    103  fffc					      org	$fffc
    104  fffc		       00 f0		      .word.w	START
    105  fffe		       00 f0		      .word.w	START
